{
  "stats": {
    "suites": 4,
    "tests": 48,
    "passes": 47,
    "pending": 0,
    "failures": 1,
    "start": "2022-09-02T07:34:19.601Z",
    "end": "2022-09-02T07:38:11.433Z",
    "duration": 194839,
    "testsRegistered": 48,
    "passPercent": 97.91666666666667,
    "pendingPercent": 0,
    "other": 0,
    "hasOther": false,
    "skipped": 0,
    "hasSkipped": false
  },
  "results": [
    {
      "uuid": "c6e11c93-d654-44e7-ab35-d1c24b2981a1",
      "title": "",
      "fullFile": "cypress/e2e/main.cy.js",
      "file": "cypress/e2e/main.cy.js",
      "beforeHooks": [],
      "afterHooks": [],
      "tests": [],
      "suites": [
        {
          "uuid": "f0c50d97-053a-4bfc-b9f0-e5d92d88e3eb",
          "title": "All components testcases.",
          "fullFile": "",
          "file": "",
          "beforeHooks": [],
          "afterHooks": [],
          "tests": [
            {
              "title": "Click on Ethereum Chain drawer.",
              "fullTitle": "All components testcases. Click on Ethereum Chain drawer.",
              "timedOut": null,
              "duration": 10332,
              "state": "passed",
              "speed": "slow",
              "pass": true,
              "fail": false,
              "pending": false,
              "context": null,
              "code": "MainObject.ethereumChainClicker();",
              "err": {},
              "uuid": "61b2c435-b310-403e-b3c4-577ba2a5bcb2",
              "parentUUID": "f0c50d97-053a-4bfc-b9f0-e5d92d88e3eb",
              "isHook": false,
              "skipped": false
            },
            {
              "title": "Click on Polygon Chain drawer",
              "fullTitle": "All components testcases. Click on Polygon Chain drawer",
              "timedOut": null,
              "duration": 2117,
              "state": "passed",
              "speed": "fast",
              "pass": true,
              "fail": false,
              "pending": false,
              "context": null,
              "code": "MainObject.polygonChainLocator();",
              "err": {},
              "uuid": "f201bfc6-fecd-4a14-a441-6c94c6265b8e",
              "parentUUID": "f0c50d97-053a-4bfc-b9f0-e5d92d88e3eb",
              "isHook": false,
              "skipped": false
            },
            {
              "title": "Ethereum Drawer deselector.",
              "fullTitle": "All components testcases. Ethereum Drawer deselector.",
              "timedOut": null,
              "duration": 2112,
              "state": "passed",
              "speed": "fast",
              "pass": true,
              "fail": false,
              "pending": false,
              "context": null,
              "code": "MainObject.ethChainDeClick();",
              "err": {},
              "uuid": "a4b97c67-7d06-4d3f-b60f-e88475a22d75",
              "parentUUID": "f0c50d97-053a-4bfc-b9f0-e5d92d88e3eb",
              "isHook": false,
              "skipped": false
            },
            {
              "title": "Polygon Drawer deselector.",
              "fullTitle": "All components testcases. Polygon Drawer deselector.",
              "timedOut": null,
              "duration": 2102,
              "state": "passed",
              "speed": "fast",
              "pass": true,
              "fail": false,
              "pending": false,
              "context": null,
              "code": "MainObject.polyChainDeClick();",
              "err": {},
              "uuid": "0c039d3c-2bdc-49c6-98e3-7433cc53514e",
              "parentUUID": "f0c50d97-053a-4bfc-b9f0-e5d92d88e3eb",
              "isHook": false,
              "skipped": false
            },
            {
              "title": "Open Ethereum Drawer again for category and application selection.",
              "fullTitle": "All components testcases. Open Ethereum Drawer again for category and application selection.",
              "timedOut": null,
              "duration": 3112,
              "state": "passed",
              "speed": "fast",
              "pass": true,
              "fail": false,
              "pending": false,
              "context": null,
              "code": "MainObject.ethereumChainClicker();",
              "err": {},
              "uuid": "c2c24b16-b38f-439b-8a12-805f1bf6c114",
              "parentUUID": "f0c50d97-053a-4bfc-b9f0-e5d92d88e3eb",
              "isHook": false,
              "skipped": false
            },
            {
              "title": "Check pre-select category functionality.",
              "fullTitle": "All components testcases. Check pre-select category functionality.",
              "timedOut": null,
              "duration": 2151,
              "state": "passed",
              "speed": "fast",
              "pass": true,
              "fail": false,
              "pending": false,
              "context": null,
              "code": "MainObject.ethPreSelectFunction();\ncy.wait(2000);",
              "err": {},
              "uuid": "8c850547-906d-4092-8c15-fcebd1b79ef4",
              "parentUUID": "f0c50d97-053a-4bfc-b9f0-e5d92d88e3eb",
              "isHook": false,
              "skipped": false
            },
            {
              "title": "Unselect after pre-select.",
              "fullTitle": "All components testcases. Unselect after pre-select.",
              "timedOut": null,
              "duration": 2225,
              "state": "passed",
              "speed": "fast",
              "pass": true,
              "fail": false,
              "pending": false,
              "context": null,
              "code": "MainObject.ethDexClicker();\ncy.wait(2000);\nMainObject.ethPreSelectFunction();",
              "err": {},
              "uuid": "afdf87df-8e9b-42b6-a851-688626b4d05d",
              "parentUUID": "f0c50d97-053a-4bfc-b9f0-e5d92d88e3eb",
              "isHook": false,
              "skipped": false
            },
            {
              "title": "Click on Ethereum DEX category for selection.",
              "fullTitle": "All components testcases. Click on Ethereum DEX category for selection.",
              "timedOut": null,
              "duration": 7400,
              "state": "passed",
              "speed": "medium",
              "pass": true,
              "fail": false,
              "pending": false,
              "context": null,
              "code": "MainObject.ethDexClicker();\ncy.wait(3000); //again click to check deselect functionaltiy\nMainObject.ethDexClicker();\ncy.wait(2000);\nMainObject.ethDexClicker();\ncy.wait(2000);",
              "err": {},
              "uuid": "1f26c482-1026-4133-958b-70736e596c24",
              "parentUUID": "f0c50d97-053a-4bfc-b9f0-e5d92d88e3eb",
              "isHook": false,
              "skipped": false
            },
            {
              "title": "Click Uniswap application for selection.",
              "fullTitle": "All components testcases. Click Uniswap application for selection.",
              "timedOut": null,
              "duration": 2120,
              "state": "passed",
              "speed": "fast",
              "pass": true,
              "fail": false,
              "pending": false,
              "context": null,
              "code": "MainObject.ethUniswapClicker();",
              "err": {},
              "uuid": "50257e1c-503f-4064-a652-7998ffebb913",
              "parentUUID": "f0c50d97-053a-4bfc-b9f0-e5d92d88e3eb",
              "isHook": false,
              "skipped": false
            },
            {
              "title": "Click on Enter button on Chain component after all selections.",
              "fullTitle": "All components testcases. Click on Enter button on Chain component after all selections.",
              "timedOut": null,
              "duration": 112,
              "state": "passed",
              "speed": "fast",
              "pass": true,
              "fail": false,
              "pending": false,
              "context": null,
              "code": "MainObject.enter();",
              "err": {},
              "uuid": "807181c2-9b6f-4c65-af31-e7e92e9e2f72",
              "parentUUID": "f0c50d97-053a-4bfc-b9f0-e5d92d88e3eb",
              "isHook": false,
              "skipped": false
            },
            {
              "title": "Check whether user can select only 4 assets.",
              "fullTitle": "All components testcases. Check whether user can select only 4 assets.",
              "timedOut": null,
              "duration": 8903,
              "state": "passed",
              "speed": "medium",
              "pass": true,
              "fail": false,
              "pending": false,
              "context": null,
              "code": "MainObject.assetWeth();\ncy.wait(1000);\nMainObject.assetMKR();\ncy.wait(1000);\nMainObject.assetDAI();\ncy.wait(1000);\nMainObject.assetQNT();\ncy.wait(1000);\nMainObject.assetLINK();\ncy.wait(1000);\nMainObject.assetWeth();\ncy.wait(1000);\nMainObject.assetMKR();\ncy.wait(1000);\nMainObject.assetDAI();\ncy.wait(1000);\nMainObject.assetQNT();",
              "err": {},
              "uuid": "b8e818f6-5a4f-4ef4-b520-204784c3ce34",
              "parentUUID": "f0c50d97-053a-4bfc-b9f0-e5d92d88e3eb",
              "isHook": false,
              "skipped": false
            },
            {
              "title": "Select and Deselect and WETH asset.",
              "fullTitle": "All components testcases. Select and Deselect and WETH asset.",
              "timedOut": null,
              "duration": 2213,
              "state": "passed",
              "speed": "fast",
              "pass": true,
              "fail": false,
              "pending": false,
              "context": null,
              "code": "MainObject.assetWeth();\ncy.wait(1000);\nMainObject.assetWeth();\ncy.wait(1000);",
              "err": {},
              "uuid": "90e4b2b5-3d99-452c-9fab-640ad666025f",
              "parentUUID": "f0c50d97-053a-4bfc-b9f0-e5d92d88e3eb",
              "isHook": false,
              "skipped": false
            },
            {
              "title": "Select and Deselect and UNI asset.",
              "fullTitle": "All components testcases. Select and Deselect and UNI asset.",
              "timedOut": null,
              "duration": 2213,
              "state": "passed",
              "speed": "fast",
              "pass": true,
              "fail": false,
              "pending": false,
              "context": null,
              "code": "MainObject.assetUni();\ncy.wait(1000);\nMainObject.assetUni();\ncy.wait(1000);",
              "err": {},
              "uuid": "ec517414-79a3-41b7-9726-19b3da477169",
              "parentUUID": "f0c50d97-053a-4bfc-b9f0-e5d92d88e3eb",
              "isHook": false,
              "skipped": false
            },
            {
              "title": "Select and Deselect and DAI asset.",
              "fullTitle": "All components testcases. Select and Deselect and DAI asset.",
              "timedOut": null,
              "duration": 2215,
              "state": "passed",
              "speed": "fast",
              "pass": true,
              "fail": false,
              "pending": false,
              "context": null,
              "code": "MainObject.assetDAI();\ncy.wait(1000);\nMainObject.assetDAI();\ncy.wait(1000);",
              "err": {},
              "uuid": "ff0dbfc6-412a-49ee-9697-f453df491f93",
              "parentUUID": "f0c50d97-053a-4bfc-b9f0-e5d92d88e3eb",
              "isHook": false,
              "skipped": false
            },
            {
              "title": "Select and Deselect and MATIC asset.",
              "fullTitle": "All components testcases. Select and Deselect and MATIC asset.",
              "timedOut": null,
              "duration": 2216,
              "state": "passed",
              "speed": "fast",
              "pass": true,
              "fail": false,
              "pending": false,
              "context": null,
              "code": "MainObject.assetMATIC();\ncy.wait(1000);\nMainObject.assetMATIC();\ncy.wait(1000);",
              "err": {},
              "uuid": "cb052de3-6bbd-40a6-9441-b6d8159befa1",
              "parentUUID": "f0c50d97-053a-4bfc-b9f0-e5d92d88e3eb",
              "isHook": false,
              "skipped": false
            },
            {
              "title": "Select and Deselect and CRO asset.",
              "fullTitle": "All components testcases. Select and Deselect and CRO asset.",
              "timedOut": null,
              "duration": 2205,
              "state": "passed",
              "speed": "fast",
              "pass": true,
              "fail": false,
              "pending": false,
              "context": null,
              "code": "MainObject.assetCRO();\ncy.wait(1000);\nMainObject.assetCRO();\ncy.wait(1000);",
              "err": {},
              "uuid": "9f8186ea-2fb9-4040-91eb-7c299bf05240",
              "parentUUID": "f0c50d97-053a-4bfc-b9f0-e5d92d88e3eb",
              "isHook": false,
              "skipped": false
            },
            {
              "title": "Select and Deselect and MKR asset.",
              "fullTitle": "All components testcases. Select and Deselect and MKR asset.",
              "timedOut": null,
              "duration": 2208,
              "state": "passed",
              "speed": "fast",
              "pass": true,
              "fail": false,
              "pending": false,
              "context": null,
              "code": "MainObject.assetMKR();\ncy.wait(1000);\nMainObject.assetMKR();\ncy.wait(1000);",
              "err": {},
              "uuid": "f0469e66-0f4d-4ee9-96b7-f11d16a9c872",
              "parentUUID": "f0c50d97-053a-4bfc-b9f0-e5d92d88e3eb",
              "isHook": false,
              "skipped": false
            },
            {
              "title": "Select and Deselect and QNT asset.",
              "fullTitle": "All components testcases. Select and Deselect and QNT asset.",
              "timedOut": null,
              "duration": 2205,
              "state": "passed",
              "speed": "fast",
              "pass": true,
              "fail": false,
              "pending": false,
              "context": null,
              "code": "MainObject.assetQNT();\ncy.wait(1000);\nMainObject.assetQNT();\ncy.wait(1000);",
              "err": {},
              "uuid": "e25186fc-b956-44d2-8719-7b70e83216ac",
              "parentUUID": "f0c50d97-053a-4bfc-b9f0-e5d92d88e3eb",
              "isHook": false,
              "skipped": false
            },
            {
              "title": "Select and Deselect and WBTC asset.",
              "fullTitle": "All components testcases. Select and Deselect and WBTC asset.",
              "timedOut": null,
              "duration": 2208,
              "state": "passed",
              "speed": "fast",
              "pass": true,
              "fail": false,
              "pending": false,
              "context": null,
              "code": "MainObject.assetWBTC();\ncy.wait(1000);\nMainObject.assetWBTC();\ncy.wait(1000);",
              "err": {},
              "uuid": "fb6f0ca2-c78c-44a1-a4a4-8f214ccc62d6",
              "parentUUID": "f0c50d97-053a-4bfc-b9f0-e5d92d88e3eb",
              "isHook": false,
              "skipped": false
            },
            {
              "title": "Select and Deselect and LINK asset.",
              "fullTitle": "All components testcases. Select and Deselect and LINK asset.",
              "timedOut": null,
              "duration": 2213,
              "state": "passed",
              "speed": "fast",
              "pass": true,
              "fail": false,
              "pending": false,
              "context": null,
              "code": "MainObject.assetLINK();\ncy.wait(1000);\nMainObject.assetLINK();\ncy.wait(1000);",
              "err": {},
              "uuid": "6273c038-e7da-40d4-912a-779d546e2f6c",
              "parentUUID": "f0c50d97-053a-4bfc-b9f0-e5d92d88e3eb",
              "isHook": false,
              "skipped": false
            },
            {
              "title": "Check whether user can select only 2 methods.",
              "fullTitle": "All components testcases. Check whether user can select only 2 methods.",
              "timedOut": null,
              "duration": 3291,
              "state": "passed",
              "speed": "fast",
              "pass": true,
              "fail": false,
              "pending": false,
              "context": null,
              "code": "MainObject.methodPrice();\ncy.wait(1000);\nMainObject.methodTotalSupply();\ncy.wait(1000);\nMainObject.methodMarketCap();\ncy.wait(1000);",
              "err": {},
              "uuid": "47bfd8d1-d3b2-4026-9d18-2754819b3d4e",
              "parentUUID": "f0c50d97-053a-4bfc-b9f0-e5d92d88e3eb",
              "isHook": false,
              "skipped": false
            },
            {
              "title": "Select and Deselect and PRICE method.",
              "fullTitle": "All components testcases. Select and Deselect and PRICE method.",
              "timedOut": null,
              "duration": 1231,
              "state": "passed",
              "speed": "fast",
              "pass": true,
              "fail": false,
              "pending": false,
              "context": null,
              "code": "MainObject.methodPrice();\ncy.wait(1000);\nMainObject.methodPrice();",
              "err": {},
              "uuid": "83d91a46-c290-4464-ae94-423f420a8cbc",
              "parentUUID": "f0c50d97-053a-4bfc-b9f0-e5d92d88e3eb",
              "isHook": false,
              "skipped": false
            },
            {
              "title": "Select and Deselect and MARKET CAP method.",
              "fullTitle": "All components testcases. Select and Deselect and MARKET CAP method.",
              "timedOut": null,
              "duration": 1185,
              "state": "passed",
              "speed": "fast",
              "pass": true,
              "fail": false,
              "pending": false,
              "context": null,
              "code": "MainObject.methodMarketCap();\ncy.wait(1000);\nMainObject.methodMarketCap();",
              "err": {},
              "uuid": "2cb0c3e5-253e-4167-93de-03f070a61b85",
              "parentUUID": "f0c50d97-053a-4bfc-b9f0-e5d92d88e3eb",
              "isHook": false,
              "skipped": false
            },
            {
              "title": "Select and Deselect and TOTAL SUPPLY method.",
              "fullTitle": "All components testcases. Select and Deselect and TOTAL SUPPLY method.",
              "timedOut": null,
              "duration": 1205,
              "state": "passed",
              "speed": "fast",
              "pass": true,
              "fail": false,
              "pending": false,
              "context": null,
              "code": "MainObject.methodTotalSupply();\ncy.wait(1000);\nMainObject.methodTotalSupply();",
              "err": {},
              "uuid": "140a0f0c-13ac-4a8d-b9e6-fb8c4f3f7f56",
              "parentUUID": "f0c50d97-053a-4bfc-b9f0-e5d92d88e3eb",
              "isHook": false,
              "skipped": false
            },
            {
              "title": "Select and Deselect and CIRCULATING SUPPLY method.",
              "fullTitle": "All components testcases. Select and Deselect and CIRCULATING SUPPLY method.",
              "timedOut": null,
              "duration": 1196,
              "state": "passed",
              "speed": "fast",
              "pass": true,
              "fail": false,
              "pending": false,
              "context": null,
              "code": "MainObject.methodCirculatingSupply();\ncy.wait(1000);\nMainObject.methodCirculatingSupply();",
              "err": {},
              "uuid": "52bee564-7e5d-43c2-a90f-ff0e37c8299b",
              "parentUUID": "f0c50d97-053a-4bfc-b9f0-e5d92d88e3eb",
              "isHook": false,
              "skipped": false
            },
            {
              "title": "Check main flow of attributes by selecting atleast one asset and one method.",
              "fullTitle": "All components testcases. Check main flow of attributes by selecting atleast one asset and one method.",
              "timedOut": null,
              "duration": 4209,
              "state": "passed",
              "speed": "fast",
              "pass": true,
              "fail": false,
              "pending": false,
              "context": null,
              "code": "//asset\nMainObject.assetMATIC();\ncy.wait(2000); //method\nMainObject.methodCirculatingSupply();\ncy.wait(2000);",
              "err": {},
              "uuid": "4dd645ac-3b1b-476d-9fa1-73f70889400d",
              "parentUUID": "f0c50d97-053a-4bfc-b9f0-e5d92d88e3eb",
              "isHook": false,
              "skipped": false
            },
            {
              "title": "Enter after Attributes selection",
              "fullTitle": "All components testcases. Enter after Attributes selection",
              "timedOut": null,
              "duration": 7802,
              "state": "passed",
              "speed": "medium",
              "pass": true,
              "fail": false,
              "pending": false,
              "context": null,
              "code": "MainObject.enterAttributes();",
              "err": {},
              "uuid": "087cc8fb-2103-4447-b816-fa8c39c43c53",
              "parentUUID": "f0c50d97-053a-4bfc-b9f0-e5d92d88e3eb",
              "isHook": false,
              "skipped": false
            },
            {
              "title": "Click on Consumable Data tab.",
              "fullTitle": "All components testcases. Click on Consumable Data tab.",
              "timedOut": null,
              "duration": 4498,
              "state": "passed",
              "speed": "fast",
              "pass": true,
              "fail": false,
              "pending": false,
              "context": null,
              "code": "MainObject.consumableDataTab();",
              "err": {},
              "uuid": "c37ac0b5-49e8-48af-ad65-faec22ea88f8",
              "parentUUID": "f0c50d97-053a-4bfc-b9f0-e5d92d88e3eb",
              "isHook": false,
              "skipped": false
            },
            {
              "title": "Click on Atomic Data tab.",
              "fullTitle": "All components testcases. Click on Atomic Data tab.",
              "timedOut": null,
              "duration": 4623,
              "state": "passed",
              "speed": "fast",
              "pass": true,
              "fail": false,
              "pending": false,
              "context": null,
              "code": "MainObject.atomicDataTab();",
              "err": {},
              "uuid": "626a3b2d-57e8-4752-8120-54c148696d76",
              "parentUUID": "f0c50d97-053a-4bfc-b9f0-e5d92d88e3eb",
              "isHook": false,
              "skipped": false
            },
            {
              "title": "Click on Raw Request tab.",
              "fullTitle": "All components testcases. Click on Raw Request tab.",
              "timedOut": null,
              "duration": 4468,
              "state": "passed",
              "speed": "fast",
              "pass": true,
              "fail": false,
              "pending": false,
              "context": null,
              "code": "MainObject.rawRequestTab();",
              "err": {},
              "uuid": "76cc88d6-4d24-476f-a259-e7c5a27de719",
              "parentUUID": "f0c50d97-053a-4bfc-b9f0-e5d92d88e3eb",
              "isHook": false,
              "skipped": false
            },
            {
              "title": "Click on Diagram tab.",
              "fullTitle": "All components testcases. Click on Diagram tab.",
              "timedOut": null,
              "duration": 4604,
              "state": "passed",
              "speed": "fast",
              "pass": true,
              "fail": false,
              "pending": false,
              "context": null,
              "code": "MainObject.diagramTab();",
              "err": {},
              "uuid": "dfc127c2-0525-47e1-876d-640cb0a024b0",
              "parentUUID": "f0c50d97-053a-4bfc-b9f0-e5d92d88e3eb",
              "isHook": false,
              "skipped": false
            }
          ],
          "suites": [],
          "passes": [
            "61b2c435-b310-403e-b3c4-577ba2a5bcb2",
            "f201bfc6-fecd-4a14-a441-6c94c6265b8e",
            "a4b97c67-7d06-4d3f-b60f-e88475a22d75",
            "0c039d3c-2bdc-49c6-98e3-7433cc53514e",
            "c2c24b16-b38f-439b-8a12-805f1bf6c114",
            "8c850547-906d-4092-8c15-fcebd1b79ef4",
            "afdf87df-8e9b-42b6-a851-688626b4d05d",
            "1f26c482-1026-4133-958b-70736e596c24",
            "50257e1c-503f-4064-a652-7998ffebb913",
            "807181c2-9b6f-4c65-af31-e7e92e9e2f72",
            "b8e818f6-5a4f-4ef4-b520-204784c3ce34",
            "90e4b2b5-3d99-452c-9fab-640ad666025f",
            "ec517414-79a3-41b7-9726-19b3da477169",
            "ff0dbfc6-412a-49ee-9697-f453df491f93",
            "cb052de3-6bbd-40a6-9441-b6d8159befa1",
            "9f8186ea-2fb9-4040-91eb-7c299bf05240",
            "f0469e66-0f4d-4ee9-96b7-f11d16a9c872",
            "e25186fc-b956-44d2-8719-7b70e83216ac",
            "fb6f0ca2-c78c-44a1-a4a4-8f214ccc62d6",
            "6273c038-e7da-40d4-912a-779d546e2f6c",
            "47bfd8d1-d3b2-4026-9d18-2754819b3d4e",
            "83d91a46-c290-4464-ae94-423f420a8cbc",
            "2cb0c3e5-253e-4167-93de-03f070a61b85",
            "140a0f0c-13ac-4a8d-b9e6-fb8c4f3f7f56",
            "52bee564-7e5d-43c2-a90f-ff0e37c8299b",
            "4dd645ac-3b1b-476d-9fa1-73f70889400d",
            "087cc8fb-2103-4447-b816-fa8c39c43c53",
            "c37ac0b5-49e8-48af-ad65-faec22ea88f8",
            "626a3b2d-57e8-4752-8120-54c148696d76",
            "76cc88d6-4d24-476f-a259-e7c5a27de719",
            "dfc127c2-0525-47e1-876d-640cb0a024b0"
          ],
          "failures": [],
          "pending": [],
          "skipped": [],
          "duration": 100894,
          "root": false,
          "rootEmpty": false,
          "_timeout": 2000
        }
      ],
      "passes": [],
      "failures": [],
      "pending": [],
      "skipped": [],
      "duration": 0,
      "root": true,
      "rootEmpty": true,
      "_timeout": 2000
    },
    {
      "uuid": "6c2ed164-ab16-45e3-9b41-264ed5e5037a",
      "title": "",
      "fullFile": "cypress/e2e/rpcLogs.cy.js",
      "file": "cypress/e2e/rpcLogs.cy.js",
      "beforeHooks": [],
      "afterHooks": [],
      "tests": [],
      "suites": [
        {
          "uuid": "c0991bba-17f8-4766-a358-8fad644e3574",
          "title": "Rpc Logs.",
          "fullFile": "",
          "file": "",
          "beforeHooks": [],
          "afterHooks": [],
          "tests": [
            {
              "title": "Click on RPC Logs link in header section.",
              "fullTitle": "Rpc Logs. Click on RPC Logs link in header section.",
              "timedOut": null,
              "duration": 6486,
              "state": "passed",
              "speed": "medium",
              "pass": true,
              "fail": false,
              "pending": false,
              "context": null,
              "code": "cy.contains('RPC Logs').should('contain', 'RPC Logs').click();\ncy.wait(2000);",
              "err": {},
              "uuid": "843c2c7f-117c-4b1f-97c3-861683a5070a",
              "parentUUID": "c0991bba-17f8-4766-a358-8fad644e3574",
              "isHook": false,
              "skipped": false
            },
            {
              "title": "Download RPC Logs",
              "fullTitle": "Rpc Logs. Download RPC Logs",
              "timedOut": null,
              "duration": 4149,
              "state": "passed",
              "speed": "fast",
              "pass": true,
              "fail": false,
              "pending": false,
              "context": null,
              "code": "cy.contains('Download').should('contain', 'Download').click();\ncy.wait(4000);",
              "err": {},
              "uuid": "e14b97ac-c6e8-4ddd-bc04-cc44680ea7c9",
              "parentUUID": "c0991bba-17f8-4766-a358-8fad644e3574",
              "isHook": false,
              "skipped": false
            },
            {
              "title": "Click again on RPC Logs link to check COPY functionality.",
              "fullTitle": "Rpc Logs. Click again on RPC Logs link to check COPY functionality.",
              "timedOut": null,
              "duration": 111,
              "state": "passed",
              "speed": "fast",
              "pass": true,
              "fail": false,
              "pending": false,
              "context": null,
              "code": "cy.contains('RPC Logs').should('contain', 'RPC Logs').click();",
              "err": {},
              "uuid": "caba3003-5a07-44dc-aaca-cab4c9017146",
              "parentUUID": "c0991bba-17f8-4766-a358-8fad644e3574",
              "isHook": false,
              "skipped": false
            },
            {
              "title": "Copy RPC Logs",
              "fullTitle": "Rpc Logs. Copy RPC Logs",
              "timedOut": null,
              "duration": 896,
              "state": "failed",
              "speed": null,
              "pass": false,
              "fail": true,
              "pending": false,
              "context": null,
              "code": "cy.get('.fCQOHB').click();",
              "err": {
                "message": "NotAllowedError: The following error originated from your application code, not from Cypress. It was caused by an unhandled promise rejection.\n\n  > Write permission denied.\n\nWhen Cypress detects uncaught errors originating from your application it will automatically fail the current test.\n\nThis behavior is configurable, and you can choose to turn this off by listening to the `uncaught:exception` event.\n\nhttps://on.cypress.io/uncaught-exception-from-application",
                "estack": "NotAllowedError: The following error originated from your application code, not from Cypress. It was caused by an unhandled promise rejection.\n\n  > Write permission denied.\n\nWhen Cypress detects uncaught errors originating from your application it will automatically fail the current test.\n\nThis behavior is configurable, and you can choose to turn this off by listening to the `uncaught:exception` event.\n\nhttps://on.cypress.io/uncaught-exception-from-application\n",
                "diff": null
              },
              "uuid": "d4143c18-ec73-4551-b343-39fe32490270",
              "parentUUID": "c0991bba-17f8-4766-a358-8fad644e3574",
              "isHook": false,
              "skipped": false
            }
          ],
          "suites": [],
          "passes": [
            "843c2c7f-117c-4b1f-97c3-861683a5070a",
            "e14b97ac-c6e8-4ddd-bc04-cc44680ea7c9",
            "caba3003-5a07-44dc-aaca-cab4c9017146"
          ],
          "failures": [
            "d4143c18-ec73-4551-b343-39fe32490270"
          ],
          "pending": [],
          "skipped": [],
          "duration": 11642,
          "root": false,
          "rootEmpty": false,
          "_timeout": 2000
        }
      ],
      "passes": [],
      "failures": [],
      "pending": [],
      "skipped": [],
      "duration": 0,
      "root": true,
      "rootEmpty": true,
      "_timeout": 2000
    },
    {
      "uuid": "73205623-3cb5-466e-ab20-0bf66349cf24",
      "title": "",
      "fullFile": "cypress/e2e/support.cy.js",
      "file": "cypress/e2e/support.cy.js",
      "beforeHooks": [],
      "afterHooks": [],
      "tests": [],
      "suites": [
        {
          "uuid": "405732b6-edaa-4f8f-8c02-efa450d5283d",
          "title": "Analog WARP dApp Support page.",
          "fullFile": "",
          "file": "",
          "beforeHooks": [],
          "afterHooks": [],
          "tests": [
            {
              "title": "Click on Support link from header.",
              "fullTitle": "Analog WARP dApp Support page. Click on Support link from header.",
              "timedOut": null,
              "duration": 8167,
              "state": "passed",
              "speed": "medium",
              "pass": true,
              "fail": false,
              "pending": false,
              "context": null,
              "code": "SupportPageObject.supportLink();",
              "err": {},
              "uuid": "914fd510-870c-4bf3-ba01-2903f98d4ba2",
              "parentUUID": "405732b6-edaa-4f8f-8c02-efa450d5283d",
              "isHook": false,
              "skipped": false
            },
            {
              "title": "Click on Quick guide option.",
              "fullTitle": "Analog WARP dApp Support page. Click on Quick guide option.",
              "timedOut": null,
              "duration": 2216,
              "state": "passed",
              "speed": "fast",
              "pass": true,
              "fail": false,
              "pending": false,
              "context": null,
              "code": "SupportPageObject.quickGuide();",
              "err": {},
              "uuid": "056ff1b6-c4cc-4111-8dec-2b0b35def529",
              "parentUUID": "405732b6-edaa-4f8f-8c02-efa450d5283d",
              "isHook": false,
              "skipped": false
            },
            {
              "title": "Click on Analog network link on quick guide page.",
              "fullTitle": "Analog WARP dApp Support page. Click on Analog network link on quick guide page.",
              "timedOut": null,
              "duration": 112,
              "state": "passed",
              "speed": "fast",
              "pass": true,
              "fail": false,
              "pending": false,
              "context": null,
              "code": "SupportPageObject.analogNetworkLink();",
              "err": {},
              "uuid": "209e21aa-56cf-47d5-bb1f-fa6024e8033f",
              "parentUUID": "405732b6-edaa-4f8f-8c02-efa450d5283d",
              "isHook": false,
              "skipped": false
            },
            {
              "title": "Click on Unveil link.",
              "fullTitle": "Analog WARP dApp Support page. Click on Unveil link.",
              "timedOut": null,
              "duration": 2108,
              "state": "passed",
              "speed": "fast",
              "pass": true,
              "fail": false,
              "pending": false,
              "context": null,
              "code": "SupportPageObject.unveilLink();",
              "err": {},
              "uuid": "8dce1f9f-992e-4a82-8501-b85516136cb5",
              "parentUUID": "405732b6-edaa-4f8f-8c02-efa450d5283d",
              "isHook": false,
              "skipped": false
            },
            {
              "title": "Click on Here link.",
              "fullTitle": "Analog WARP dApp Support page. Click on Here link.",
              "timedOut": null,
              "duration": 2107,
              "state": "passed",
              "speed": "fast",
              "pass": true,
              "fail": false,
              "pending": false,
              "context": null,
              "code": "SupportPageObject.hereLink();",
              "err": {},
              "uuid": "a724b26e-bd74-49d7-9e78-a1024c9e6fc2",
              "parentUUID": "405732b6-edaa-4f8f-8c02-efa450d5283d",
              "isHook": false,
              "skipped": false
            }
          ],
          "suites": [],
          "passes": [
            "914fd510-870c-4bf3-ba01-2903f98d4ba2",
            "056ff1b6-c4cc-4111-8dec-2b0b35def529",
            "209e21aa-56cf-47d5-bb1f-fa6024e8033f",
            "8dce1f9f-992e-4a82-8501-b85516136cb5",
            "a724b26e-bd74-49d7-9e78-a1024c9e6fc2"
          ],
          "failures": [],
          "pending": [],
          "skipped": [],
          "duration": 14710,
          "root": false,
          "rootEmpty": false,
          "_timeout": 2000
        }
      ],
      "passes": [],
      "failures": [],
      "pending": [],
      "skipped": [],
      "duration": 0,
      "root": true,
      "rootEmpty": true,
      "_timeout": 2000
    },
    {
      "uuid": "ecb02ad3-7935-479e-bae1-3846d66206e9",
      "title": "",
      "fullFile": "cypress/e2e/feedback.cy.js",
      "file": "cypress/e2e/feedback.cy.js",
      "beforeHooks": [],
      "afterHooks": [],
      "tests": [],
      "suites": [
        {
          "uuid": "9dfd422a-bbc2-44f3-87f5-dd9eebfe552e",
          "title": "Analog WARP dApp Feedback form.",
          "fullFile": "",
          "file": "",
          "beforeHooks": [],
          "afterHooks": [],
          "tests": [
            {
              "title": "Open feedback form.",
              "fullTitle": "Analog WARP dApp Feedback form. Open feedback form.",
              "timedOut": null,
              "duration": 9363,
              "state": "passed",
              "speed": "medium",
              "pass": true,
              "fail": false,
              "pending": false,
              "context": null,
              "code": "FeedbackFormObject.openFeedbackForm();\ncy.wait(3000);",
              "err": {},
              "uuid": "b6fe6860-fe59-4bab-bd39-f78efa984699",
              "parentUUID": "9dfd422a-bbc2-44f3-87f5-dd9eebfe552e",
              "isHook": false,
              "skipped": false
            },
            {
              "title": "Submit form with empty fields.",
              "fullTitle": "Analog WARP dApp Feedback form. Submit form with empty fields.",
              "timedOut": null,
              "duration": 3131,
              "state": "passed",
              "speed": "fast",
              "pass": true,
              "fail": false,
              "pending": false,
              "context": null,
              "code": "FeedbackFormObject.submitFormWithEmptyFields();\ncy.wait(3000);",
              "err": {},
              "uuid": "b1f9eadc-aa19-4782-942b-b4ca59cfed2e",
              "parentUUID": "9dfd422a-bbc2-44f3-87f5-dd9eebfe552e",
              "isHook": false,
              "skipped": false
            },
            {
              "title": "Email with validation checks.",
              "fullTitle": "Analog WARP dApp Feedback form. Email with validation checks.",
              "timedOut": null,
              "duration": 9412,
              "state": "passed",
              "speed": "medium",
              "pass": true,
              "fail": false,
              "pending": false,
              "context": null,
              "code": "FeedbackFormObject.emailWithValidationChecks('test', 'test@test', 'test.com', 'test@test.com');",
              "err": {},
              "uuid": "2c6452f9-85ea-4605-83ce-5368c98ba419",
              "parentUUID": "9dfd422a-bbc2-44f3-87f5-dd9eebfe552e",
              "isHook": false,
              "skipped": false
            },
            {
              "title": "Who are you?",
              "fullTitle": "Analog WARP dApp Feedback form. Who are you?",
              "timedOut": null,
              "duration": 12015,
              "state": "passed",
              "speed": "slow",
              "pass": true,
              "fail": false,
              "pending": false,
              "context": null,
              "code": "FeedbackFormObject.whoAreYou();",
              "err": {},
              "uuid": "763427ab-4a8b-41e6-88e7-caafea689f8c",
              "parentUUID": "9dfd422a-bbc2-44f3-87f5-dd9eebfe552e",
              "isHook": false,
              "skipped": false
            },
            {
              "title": "What are you giving feedback on?",
              "fullTitle": "Analog WARP dApp Feedback form. What are you giving feedback on?",
              "timedOut": null,
              "duration": 15276,
              "state": "passed",
              "speed": "slow",
              "pass": true,
              "fail": false,
              "pending": false,
              "context": null,
              "code": "FeedbackFormObject.feedbackOn();",
              "err": {},
              "uuid": "7bdfdf42-6eec-4806-907c-520956b9e455",
              "parentUUID": "9dfd422a-bbc2-44f3-87f5-dd9eebfe552e",
              "isHook": false,
              "skipped": false
            },
            {
              "title": "What is your feedback?",
              "fullTitle": "Analog WARP dApp Feedback form. What is your feedback?",
              "timedOut": null,
              "duration": 4764,
              "state": "passed",
              "speed": "fast",
              "pass": true,
              "fail": false,
              "pending": false,
              "context": null,
              "code": "FeedbackFormObject.yourFeedback();",
              "err": {},
              "uuid": "5c3c5ed7-6b93-4f52-bce3-8b83aa89471b",
              "parentUUID": "9dfd422a-bbc2-44f3-87f5-dd9eebfe552e",
              "isHook": false,
              "skipped": false
            },
            {
              "title": "Additional comments?",
              "fullTitle": "Analog WARP dApp Feedback form. Additional comments?",
              "timedOut": null,
              "duration": 4507,
              "state": "passed",
              "speed": "fast",
              "pass": true,
              "fail": false,
              "pending": false,
              "context": null,
              "code": "FeedbackFormObject.additionalComments();",
              "err": {},
              "uuid": "0c9cc3bb-addb-4c1f-9674-cc15bebaaf8a",
              "parentUUID": "9dfd422a-bbc2-44f3-87f5-dd9eebfe552e",
              "isHook": false,
              "skipped": false
            },
            {
              "title": "Submit form.",
              "fullTitle": "Analog WARP dApp Feedback form. Submit form.",
              "timedOut": null,
              "duration": 9125,
              "state": "passed",
              "speed": "medium",
              "pass": true,
              "fail": false,
              "pending": false,
              "context": null,
              "code": "FeedbackFormObject.submitFinalForm();",
              "err": {},
              "uuid": "95260aae-2f78-48d6-b2df-2f5f985a37cd",
              "parentUUID": "9dfd422a-bbc2-44f3-87f5-dd9eebfe552e",
              "isHook": false,
              "skipped": false
            }
          ],
          "suites": [],
          "passes": [
            "b6fe6860-fe59-4bab-bd39-f78efa984699",
            "b1f9eadc-aa19-4782-942b-b4ca59cfed2e",
            "2c6452f9-85ea-4605-83ce-5368c98ba419",
            "763427ab-4a8b-41e6-88e7-caafea689f8c",
            "7bdfdf42-6eec-4806-907c-520956b9e455",
            "5c3c5ed7-6b93-4f52-bce3-8b83aa89471b",
            "0c9cc3bb-addb-4c1f-9674-cc15bebaaf8a",
            "95260aae-2f78-48d6-b2df-2f5f985a37cd"
          ],
          "failures": [],
          "pending": [],
          "skipped": [],
          "duration": 67593,
          "root": false,
          "rootEmpty": false,
          "_timeout": 2000
        }
      ],
      "passes": [],
      "failures": [],
      "pending": [],
      "skipped": [],
      "duration": 0,
      "root": true,
      "rootEmpty": true,
      "_timeout": 2000
    }
  ],
  "meta": {
    "mocha": {
      "version": "7.0.1"
    },
    "mochawesome": {
      "options": {
        "quiet": false,
        "reportFilename": "mochawesome",
        "saveHtml": false,
        "saveJson": true,
        "consoleReporter": "spec",
        "useInlineDiffs": false,
        "code": true
      },
      "version": "7.1.3"
    },
    "marge": {
      "options": {
        "charts": true,
        "overwrite": false,
        "html": false,
        "json": true,
        "reportDir": "cypress/reports"
      },
      "version": "6.2.0"
    }
  }
}