{
  "stats": {
    "suites": 1,
    "tests": 8,
    "passes": 8,
    "pending": 0,
    "failures": 0,
    "start": "2022-09-02T07:34:19.601Z",
    "end": "2022-09-02T07:35:29.883Z",
    "duration": 70282,
    "testsRegistered": 8,
    "passPercent": 100,
    "pendingPercent": 0,
    "other": 0,
    "hasOther": false,
    "skipped": 0,
    "hasSkipped": false
  },
  "results": [
    {
      "uuid": "ecb02ad3-7935-479e-bae1-3846d66206e9",
      "title": "",
      "fullFile": "cypress/e2e/feedback.cy.js",
      "file": "cypress/e2e/feedback.cy.js",
      "beforeHooks": [],
      "afterHooks": [],
      "tests": [],
      "suites": [
        {
          "uuid": "9dfd422a-bbc2-44f3-87f5-dd9eebfe552e",
          "title": "Analog WARP dApp Feedback form.",
          "fullFile": "",
          "file": "",
          "beforeHooks": [],
          "afterHooks": [],
          "tests": [
            {
              "title": "Open feedback form.",
              "fullTitle": "Analog WARP dApp Feedback form. Open feedback form.",
              "timedOut": null,
              "duration": 9363,
              "state": "passed",
              "speed": "medium",
              "pass": true,
              "fail": false,
              "pending": false,
              "context": null,
              "code": "FeedbackFormObject.openFeedbackForm();\ncy.wait(3000);",
              "err": {},
              "uuid": "b6fe6860-fe59-4bab-bd39-f78efa984699",
              "parentUUID": "9dfd422a-bbc2-44f3-87f5-dd9eebfe552e",
              "isHook": false,
              "skipped": false
            },
            {
              "title": "Submit form with empty fields.",
              "fullTitle": "Analog WARP dApp Feedback form. Submit form with empty fields.",
              "timedOut": null,
              "duration": 3131,
              "state": "passed",
              "speed": "fast",
              "pass": true,
              "fail": false,
              "pending": false,
              "context": null,
              "code": "FeedbackFormObject.submitFormWithEmptyFields();\ncy.wait(3000);",
              "err": {},
              "uuid": "b1f9eadc-aa19-4782-942b-b4ca59cfed2e",
              "parentUUID": "9dfd422a-bbc2-44f3-87f5-dd9eebfe552e",
              "isHook": false,
              "skipped": false
            },
            {
              "title": "Email with validation checks.",
              "fullTitle": "Analog WARP dApp Feedback form. Email with validation checks.",
              "timedOut": null,
              "duration": 9412,
              "state": "passed",
              "speed": "medium",
              "pass": true,
              "fail": false,
              "pending": false,
              "context": null,
              "code": "FeedbackFormObject.emailWithValidationChecks('test', 'test@test', 'test.com', 'test@test.com');",
              "err": {},
              "uuid": "2c6452f9-85ea-4605-83ce-5368c98ba419",
              "parentUUID": "9dfd422a-bbc2-44f3-87f5-dd9eebfe552e",
              "isHook": false,
              "skipped": false
            },
            {
              "title": "Who are you?",
              "fullTitle": "Analog WARP dApp Feedback form. Who are you?",
              "timedOut": null,
              "duration": 12015,
              "state": "passed",
              "speed": "slow",
              "pass": true,
              "fail": false,
              "pending": false,
              "context": null,
              "code": "FeedbackFormObject.whoAreYou();",
              "err": {},
              "uuid": "763427ab-4a8b-41e6-88e7-caafea689f8c",
              "parentUUID": "9dfd422a-bbc2-44f3-87f5-dd9eebfe552e",
              "isHook": false,
              "skipped": false
            },
            {
              "title": "What are you giving feedback on?",
              "fullTitle": "Analog WARP dApp Feedback form. What are you giving feedback on?",
              "timedOut": null,
              "duration": 15276,
              "state": "passed",
              "speed": "slow",
              "pass": true,
              "fail": false,
              "pending": false,
              "context": null,
              "code": "FeedbackFormObject.feedbackOn();",
              "err": {},
              "uuid": "7bdfdf42-6eec-4806-907c-520956b9e455",
              "parentUUID": "9dfd422a-bbc2-44f3-87f5-dd9eebfe552e",
              "isHook": false,
              "skipped": false
            },
            {
              "title": "What is your feedback?",
              "fullTitle": "Analog WARP dApp Feedback form. What is your feedback?",
              "timedOut": null,
              "duration": 4764,
              "state": "passed",
              "speed": "fast",
              "pass": true,
              "fail": false,
              "pending": false,
              "context": null,
              "code": "FeedbackFormObject.yourFeedback();",
              "err": {},
              "uuid": "5c3c5ed7-6b93-4f52-bce3-8b83aa89471b",
              "parentUUID": "9dfd422a-bbc2-44f3-87f5-dd9eebfe552e",
              "isHook": false,
              "skipped": false
            },
            {
              "title": "Additional comments?",
              "fullTitle": "Analog WARP dApp Feedback form. Additional comments?",
              "timedOut": null,
              "duration": 4507,
              "state": "passed",
              "speed": "fast",
              "pass": true,
              "fail": false,
              "pending": false,
              "context": null,
              "code": "FeedbackFormObject.additionalComments();",
              "err": {},
              "uuid": "0c9cc3bb-addb-4c1f-9674-cc15bebaaf8a",
              "parentUUID": "9dfd422a-bbc2-44f3-87f5-dd9eebfe552e",
              "isHook": false,
              "skipped": false
            },
            {
              "title": "Submit form.",
              "fullTitle": "Analog WARP dApp Feedback form. Submit form.",
              "timedOut": null,
              "duration": 9125,
              "state": "passed",
              "speed": "medium",
              "pass": true,
              "fail": false,
              "pending": false,
              "context": null,
              "code": "FeedbackFormObject.submitFinalForm();",
              "err": {},
              "uuid": "95260aae-2f78-48d6-b2df-2f5f985a37cd",
              "parentUUID": "9dfd422a-bbc2-44f3-87f5-dd9eebfe552e",
              "isHook": false,
              "skipped": false
            }
          ],
          "suites": [],
          "passes": [
            "b6fe6860-fe59-4bab-bd39-f78efa984699",
            "b1f9eadc-aa19-4782-942b-b4ca59cfed2e",
            "2c6452f9-85ea-4605-83ce-5368c98ba419",
            "763427ab-4a8b-41e6-88e7-caafea689f8c",
            "7bdfdf42-6eec-4806-907c-520956b9e455",
            "5c3c5ed7-6b93-4f52-bce3-8b83aa89471b",
            "0c9cc3bb-addb-4c1f-9674-cc15bebaaf8a",
            "95260aae-2f78-48d6-b2df-2f5f985a37cd"
          ],
          "failures": [],
          "pending": [],
          "skipped": [],
          "duration": 67593,
          "root": false,
          "rootEmpty": false,
          "_timeout": 2000
        }
      ],
      "passes": [],
      "failures": [],
      "pending": [],
      "skipped": [],
      "duration": 0,
      "root": true,
      "rootEmpty": true,
      "_timeout": 2000
    }
  ],
  "meta": {
    "mocha": {
      "version": "7.0.1"
    },
    "mochawesome": {
      "options": {
        "quiet": false,
        "reportFilename": "mochawesome",
        "saveHtml": false,
        "saveJson": true,
        "consoleReporter": "spec",
        "useInlineDiffs": false,
        "code": true
      },
      "version": "7.1.3"
    },
    "marge": {
      "options": {
        "charts": true,
        "overwrite": false,
        "html": false,
        "json": true,
        "reportDir": "cypress/reports"
      },
      "version": "6.2.0"
    }
  }
}