{
  "stats": {
    "suites": 1,
    "tests": 5,
    "passes": 5,
    "pending": 0,
    "failures": 0,
    "start": "2022-09-02T07:37:53.977Z",
    "end": "2022-09-02T07:38:11.433Z",
    "duration": 17456,
    "testsRegistered": 5,
    "passPercent": 100,
    "pendingPercent": 0,
    "other": 0,
    "hasOther": false,
    "skipped": 0,
    "hasSkipped": false
  },
  "results": [
    {
      "uuid": "73205623-3cb5-466e-ab20-0bf66349cf24",
      "title": "",
      "fullFile": "cypress/e2e/support.cy.js",
      "file": "cypress/e2e/support.cy.js",
      "beforeHooks": [],
      "afterHooks": [],
      "tests": [],
      "suites": [
        {
          "uuid": "405732b6-edaa-4f8f-8c02-efa450d5283d",
          "title": "Analog WARP dApp Support page.",
          "fullFile": "",
          "file": "",
          "beforeHooks": [],
          "afterHooks": [],
          "tests": [
            {
              "title": "Click on Support link from header.",
              "fullTitle": "Analog WARP dApp Support page. Click on Support link from header.",
              "timedOut": null,
              "duration": 8167,
              "state": "passed",
              "speed": "medium",
              "pass": true,
              "fail": false,
              "pending": false,
              "context": null,
              "code": "SupportPageObject.supportLink();",
              "err": {},
              "uuid": "914fd510-870c-4bf3-ba01-2903f98d4ba2",
              "parentUUID": "405732b6-edaa-4f8f-8c02-efa450d5283d",
              "isHook": false,
              "skipped": false
            },
            {
              "title": "Click on Quick guide option.",
              "fullTitle": "Analog WARP dApp Support page. Click on Quick guide option.",
              "timedOut": null,
              "duration": 2216,
              "state": "passed",
              "speed": "fast",
              "pass": true,
              "fail": false,
              "pending": false,
              "context": null,
              "code": "SupportPageObject.quickGuide();",
              "err": {},
              "uuid": "056ff1b6-c4cc-4111-8dec-2b0b35def529",
              "parentUUID": "405732b6-edaa-4f8f-8c02-efa450d5283d",
              "isHook": false,
              "skipped": false
            },
            {
              "title": "Click on Analog network link on quick guide page.",
              "fullTitle": "Analog WARP dApp Support page. Click on Analog network link on quick guide page.",
              "timedOut": null,
              "duration": 112,
              "state": "passed",
              "speed": "fast",
              "pass": true,
              "fail": false,
              "pending": false,
              "context": null,
              "code": "SupportPageObject.analogNetworkLink();",
              "err": {},
              "uuid": "209e21aa-56cf-47d5-bb1f-fa6024e8033f",
              "parentUUID": "405732b6-edaa-4f8f-8c02-efa450d5283d",
              "isHook": false,
              "skipped": false
            },
            {
              "title": "Click on Unveil link.",
              "fullTitle": "Analog WARP dApp Support page. Click on Unveil link.",
              "timedOut": null,
              "duration": 2108,
              "state": "passed",
              "speed": "fast",
              "pass": true,
              "fail": false,
              "pending": false,
              "context": null,
              "code": "SupportPageObject.unveilLink();",
              "err": {},
              "uuid": "8dce1f9f-992e-4a82-8501-b85516136cb5",
              "parentUUID": "405732b6-edaa-4f8f-8c02-efa450d5283d",
              "isHook": false,
              "skipped": false
            },
            {
              "title": "Click on Here link.",
              "fullTitle": "Analog WARP dApp Support page. Click on Here link.",
              "timedOut": null,
              "duration": 2107,
              "state": "passed",
              "speed": "fast",
              "pass": true,
              "fail": false,
              "pending": false,
              "context": null,
              "code": "SupportPageObject.hereLink();",
              "err": {},
              "uuid": "a724b26e-bd74-49d7-9e78-a1024c9e6fc2",
              "parentUUID": "405732b6-edaa-4f8f-8c02-efa450d5283d",
              "isHook": false,
              "skipped": false
            }
          ],
          "suites": [],
          "passes": [
            "914fd510-870c-4bf3-ba01-2903f98d4ba2",
            "056ff1b6-c4cc-4111-8dec-2b0b35def529",
            "209e21aa-56cf-47d5-bb1f-fa6024e8033f",
            "8dce1f9f-992e-4a82-8501-b85516136cb5",
            "a724b26e-bd74-49d7-9e78-a1024c9e6fc2"
          ],
          "failures": [],
          "pending": [],
          "skipped": [],
          "duration": 14710,
          "root": false,
          "rootEmpty": false,
          "_timeout": 2000
        }
      ],
      "passes": [],
      "failures": [],
      "pending": [],
      "skipped": [],
      "duration": 0,
      "root": true,
      "rootEmpty": true,
      "_timeout": 2000
    }
  ],
  "meta": {
    "mocha": {
      "version": "7.0.1"
    },
    "mochawesome": {
      "options": {
        "quiet": false,
        "reportFilename": "mochawesome",
        "saveHtml": false,
        "saveJson": true,
        "consoleReporter": "spec",
        "useInlineDiffs": false,
        "code": true
      },
      "version": "7.1.3"
    },
    "marge": {
      "options": {
        "charts": true,
        "overwrite": false,
        "html": false,
        "json": true,
        "reportDir": "cypress/reports"
      },
      "version": "6.2.0"
    }
  }
}